<?xml version="1.0" encoding="UTF-8"?>
<!-- Generated by org.testng.reporters.JUnitReportReporter -->
<testsuite hostname="DESKTOP-F2B3CTP" failures="0" tests="1" name="Cucumber.TestngTestRunner" time="43.918" errors="0" timestamp="05 Sep 2024 19:06:25 GMT" skipped="0">
  <testcase classname="Cucumber.TestngTestRunner" name="runScenario" time="43.918"/>
</testsuite> <!-- Cucumber.TestngTestRunner -->
