<?xml version="1.0" encoding="UTF-8"?>
<!-- Generated by org.testng.reporters.JUnitReportReporter -->
<testsuite hostname="DESKTOP-F2B3CTP" failures="0" tests="2" name="rahulshettyacademy.errorValidation" time="15.408" errors="0" timestamp="21 Jul 2024 18:11:19 GMT" skipped="0">
  <testcase classname="rahulshettyacademy.errorValidation" name="LoginErrorValidation" time="6.909"/>
  <testcase classname="rahulshettyacademy.errorValidation" name="productErrorValidation" time="8.499"/>
</testsuite> <!-- rahulshettyacademy.errorValidation -->
