<?xml version="1.0" encoding="UTF-8"?>
<!-- Generated by org.testng.reporters.JUnitReportReporter -->
<testsuite hostname="DESKTOP-F2B3CTP" failures="0" tests="3" name="rahulshettyacademy.submitOrderTest" time="85.967" errors="0" timestamp="26 Aug 2024 17:51:36 GMT" skipped="0">
  <testcase classname="rahulshettyacademy.submitOrderTest" name="submitOrder" time="34.516"/>
  <testcase classname="rahulshettyacademy.submitOrderTest" name="submitOrder" time="33.908"/>
  <testcase classname="rahulshettyacademy.submitOrderTest" name="orderHistoryTest" time="17.543"/>
</testsuite> <!-- rahulshettyacademy.submitOrderTest -->
