<?xml version="1.0" encoding="UTF-8"?>
<!-- Generated by org.testng.reporters.JUnitReportReporter -->
<testsuite hostname="DESKTOP-F2B3CTP" failures="0" tests="1" name="Cucumber.TestngTestRunner" time="41.174" errors="0" timestamp="07 Sep 2024 18:11:14 GMT" skipped="0">
  <testcase classname="Cucumber.TestngTestRunner" name="runScenario" time="41.174"/>
</testsuite> <!-- Cucumber.TestngTestRunner -->
